BEDROCK:I: STARTING
BEDROCK:I: MEMORY 2147483648 268435456
BEDROCK:I: workbench inited
BEDROCK:I: Start called
BEDROCK:I: WORKSPACE =  /
BEDROCK:I: Setting mint for Bounce /Users/yajiewan/eclipse-workspace/Bounce
BEDROCK:I: Startup called
BEDROCK:E: Error opening project: org.eclipse.core.internal.resources.ResourceException: The resource tree is locked for modifications.
org.eclipse.core.internal.resources.ResourceException(null)[380]: java.lang.Exception: The resource tree is locked for modifications.
	at org.eclipse.core.internal.resources.ResourceException.provideStackTrace(ResourceException.java:42)
	at org.eclipse.core.internal.resources.ResourceException.<init>(ResourceException.java:38)
	at org.eclipse.core.internal.resources.WorkManager.checkIn(WorkManager.java:122)
	at org.eclipse.core.internal.resources.Workspace.prepareOperation(Workspace.java:2403)
	at org.eclipse.core.internal.resources.Project.open(Project.java:1057)
	at org.eclipse.core.internal.resources.Project.open(Project.java:1183)
	at edu.brown.cs.bubbles.bedrock.BedrockProject.attachProject(BedrockProject.java:765)
	at edu.brown.cs.bubbles.bedrock.BedrockProject.setupProjects(BedrockProject.java:814)
	at edu.brown.cs.bubbles.bedrock.BedrockProject.findProject(BedrockProject.java:717)
	at edu.brown.cs.bubbles.bedrock.BedrockUtil.getFileForPath(BedrockUtil.java:2126)
	at edu.brown.cs.bubbles.bedrock.BedrockUtil.getFileForPath(BedrockUtil.java:2111)
	at edu.brown.cs.bubbles.bedrock.BedrockUtil.outputResource(BedrockUtil.java:671)
	at edu.brown.cs.bubbles.bedrock.BedrockUtil.outputResource(BedrockUtil.java:700)
	at edu.brown.cs.bubbles.bedrock.BedrockUtil.outputResource(BedrockUtil.java:700)
	at edu.brown.cs.bubbles.bedrock.BedrockUtil.outputResource(BedrockUtil.java:700)
	at edu.brown.cs.bubbles.bedrock.BedrockProject.resourceChanged(BedrockProject.java:1874)
	at org.eclipse.jdt.internal.core.DeltaProcessingState$1.run(DeltaProcessingState.java:498)
	at org.eclipse.core.runtime.SafeRunner.run(SafeRunner.java:47)
	at org.eclipse.jdt.internal.core.DeltaProcessingState.resourceChanged(DeltaProcessingState.java:491)
	at org.eclipse.core.internal.events.NotificationManager$1.run(NotificationManager.java:321)
	at org.eclipse.core.runtime.SafeRunner.run(SafeRunner.java:47)
	at org.eclipse.core.internal.events.NotificationManager.notify(NotificationManager.java:311)
	at org.eclipse.core.internal.events.NotificationManager.broadcastChanges(NotificationManager.java:174)
	at org.eclipse.core.internal.resources.Workspace.broadcastPostChange(Workspace.java:458)
	at org.eclipse.core.internal.resources.Workspace.endOperation(Workspace.java:1586)
	at org.eclipse.core.internal.resources.Workspace.run(Workspace.java:2467)
	at org.eclipse.core.internal.resources.Workspace.run(Workspace.java:2478)
	at org.eclipse.jdt.core.JavaCore.run(JavaCore.java:5971)
	at org.eclipse.jdt.internal.ui.actions.WorkbenchRunnableAdapter.run(WorkbenchRunnableAdapter.java:108)
	at org.eclipse.jface.operation.ModalContext$ModalContextThread.run(ModalContext.java:122)
java.lang.Exception: The resource tree is locked for modifications.
	at org.eclipse.core.internal.resources.ResourceException.provideStackTrace(ResourceException.java:42)
	at org.eclipse.core.internal.resources.ResourceException.<init>(ResourceException.java:38)
	at org.eclipse.core.internal.resources.WorkManager.checkIn(WorkManager.java:122)
	at org.eclipse.core.internal.resources.Workspace.prepareOperation(Workspace.java:2403)
	at org.eclipse.core.internal.resources.Project.open(Project.java:1057)
	at org.eclipse.core.internal.resources.Project.open(Project.java:1183)
	at edu.brown.cs.bubbles.bedrock.BedrockProject.attachProject(BedrockProject.java:765)
	at edu.brown.cs.bubbles.bedrock.BedrockProject.setupProjects(BedrockProject.java:814)
	at edu.brown.cs.bubbles.bedrock.BedrockProject.findProject(BedrockProject.java:717)
	at edu.brown.cs.bubbles.bedrock.BedrockUtil.getFileForPath(BedrockUtil.java:2126)
	at edu.brown.cs.bubbles.bedrock.BedrockUtil.getFileForPath(BedrockUtil.java:2111)
	at edu.brown.cs.bubbles.bedrock.BedrockUtil.outputResource(BedrockUtil.java:671)
	at edu.brown.cs.bubbles.bedrock.BedrockUtil.outputResource(BedrockUtil.java:700)
	at edu.brown.cs.bubbles.bedrock.BedrockUtil.outputResource(BedrockUtil.java:700)
	at edu.brown.cs.bubbles.bedrock.BedrockUtil.outputResource(BedrockUtil.java:700)
	at edu.brown.cs.bubbles.bedrock.BedrockProject.resourceChanged(BedrockProject.java:1874)
	at org.eclipse.jdt.internal.core.DeltaProcessingState$1.run(DeltaProcessingState.java:498)
	at org.eclipse.core.runtime.SafeRunner.run(SafeRunner.java:47)
	at org.eclipse.jdt.internal.core.DeltaProcessingState.resourceChanged(DeltaProcessingState.java:491)
	at org.eclipse.core.internal.events.NotificationManager$1.run(NotificationManager.java:321)
	at org.eclipse.core.runtime.SafeRunner.run(SafeRunner.java:47)
	at org.eclipse.core.internal.events.NotificationManager.notify(NotificationManager.java:311)
	at org.eclipse.core.internal.events.NotificationManager.broadcastChanges(NotificationManager.java:174)
	at org.eclipse.core.internal.resources.Workspace.broadcastPostChange(Workspace.java:458)
	at org.eclipse.core.internal.resources.Workspace.endOperation(Workspace.java:1586)
	at org.eclipse.core.internal.resources.Workspace.run(Workspace.java:2467)
	at org.eclipse.core.internal.resources.Workspace.run(Workspace.java:2478)
	at org.eclipse.jdt.core.JavaCore.run(JavaCore.java:5971)
	at org.eclipse.jdt.internal.ui.actions.WorkbenchRunnableAdapter.run(WorkbenchRunnableAdapter.java:108)
	at org.eclipse.jface.operation.ModalContext$ModalContextThread.run(ModalContext.java:122)
